[2025-02-11 13:53:41] This is codeql database create my-python-db --language=python --source-root=C:\BEng\4th Year\Honours Project\GreenPythonLocal\scr
[2025-02-11 13:53:41] Log file was started late.
[2025-02-11 13:53:41] [PROGRESS] database create> Initializing database at C:\BEng\4th Year\Honours Project\GreenPythonLocal\my-python-db.
[2025-02-11 13:53:41] Running plumbing command: codeql database init --language=python --extractor-options-verbosity=1 --qlconfig-file=C:\BEng\4th Year\Honours Project\GreenPythonLocal\qlconfig.yml --source-root=C:\BEng\4th Year\Honours Project\GreenPythonLocal\scr --allow-missing-source-root=false --allow-already-existing -- C:\BEng\4th Year\Honours Project\GreenPythonLocal\my-python-db
[2025-02-11 13:53:41] Calling plumbing command: codeql resolve languages --extractor-options-verbosity=1 --format=betterjson
[2025-02-11 13:53:41] [DETAILS] resolve languages> Scanning for [codeql-extractor.yml] from c:\codeql\.codeqlmanifest.json
[2025-02-11 13:53:41] [DETAILS] resolve languages> Parsing c:\codeql\cpp\codeql-extractor.yml.
[2025-02-11 13:53:41] [DETAILS] resolve languages> Parsing c:\codeql\csharp\codeql-extractor.yml.
[2025-02-11 13:53:41] [DETAILS] resolve languages> Parsing c:\codeql\csv\codeql-extractor.yml.
[2025-02-11 13:53:41] [DETAILS] resolve languages> Parsing c:\codeql\go\codeql-extractor.yml.
[2025-02-11 13:53:41] [DETAILS] resolve languages> Parsing c:\codeql\html\codeql-extractor.yml.
[2025-02-11 13:53:41] [DETAILS] resolve languages> Parsing c:\codeql\java\codeql-extractor.yml.
[2025-02-11 13:53:41] [DETAILS] resolve languages> Parsing c:\codeql\javascript\codeql-extractor.yml.
[2025-02-11 13:53:41] [DETAILS] resolve languages> Parsing c:\codeql\properties\codeql-extractor.yml.
[2025-02-11 13:53:41] [DETAILS] resolve languages> Parsing c:\codeql\python\codeql-extractor.yml.
[2025-02-11 13:53:41] [DETAILS] resolve languages> Parsing c:\codeql\ruby\codeql-extractor.yml.
[2025-02-11 13:53:41] [DETAILS] resolve languages> Parsing c:\codeql\swift\codeql-extractor.yml.
[2025-02-11 13:53:41] [DETAILS] resolve languages> Parsing c:\codeql\xml\codeql-extractor.yml.
[2025-02-11 13:53:41] [DETAILS] resolve languages> Parsing c:\codeql\yaml\codeql-extractor.yml.
[2025-02-11 13:53:41] Plumbing command codeql resolve languages completed:
                      {
                        "aliases" : {
                          "c" : "cpp",
                          "c++" : "cpp",
                          "c-c++" : "cpp",
                          "c-cpp" : "cpp",
                          "c#" : "csharp",
                          "java-kotlin" : "java",
                          "kotlin" : "java",
                          "javascript-typescript" : "javascript",
                          "typescript" : "javascript"
                        },
                        "extractors" : {
                          "cpp" : [
                            {
                              "extractor_root" : "c:\\codeql\\cpp",
                              "extractor_options" : {
                                "scale_timeouts" : {
                                  "title" : "Value to scale compiler introspection timeouts with",
                                  "description" : "The extractor attempts to determine what compiler the source code being extracted is compiled with. To this end the extractor makes additional calls to the compiler, some of which are expected to return within a certain fixed time (either 10s or 15s). On some systems that are under high load this time might be too short, and can be scaled up using this option.\n",
                                  "type" : "string",
                                  "pattern" : "[0-9]+"
                                },
                                "log_verbosity" : {
                                  "title" : "Verbosity of the extractor logging",
                                  "description" : "Set the verbosity of the extractor logging to 'quiet' (0), 'normal' (1), 'chatty' (2), or 'noisy' (3). The default is 'normal'.\n",
                                  "type" : "string",
                                  "pattern" : "[0-3]"
                                }
                              }
                            }
                          ],
                          "csharp" : [
                            {
                              "extractor_root" : "c:\\codeql\\csharp",
                              "extractor_options" : {
                                "trap" : {
                                  "title" : "Options pertaining to TRAP.",
                                  "description" : "Options pertaining to TRAP.",
                                  "type" : "object",
                                  "properties" : {
                                    "compression" : {
                                      "title" : "Controls compression for the TRAP files written by the extractor.",
                                      "description" : "This option is only intended for use in debugging the extractor. Accepted values are 'brotli' (the default, to write brotli-compressed TRAP), 'gzip', and 'none' (to write uncompressed TRAP).\n",
                                      "type" : "string",
                                      "pattern" : "^(none|gzip|brotli)$"
                                    }
                                  }
                                },
                                "buildless" : {
                                  "title" : "DEPRECATED - Whether to use buildless (standalone) extraction.",
                                  "description" : "DEPRECATED: Use `--build-mode none` instead.\nA value indicating, which type of extraction the autobuilder should perform. If 'true', then the standalone extractor will be used, otherwise tracing extraction will be performed. The default is 'false'. Note that buildless extraction will generally yield less accurate analysis results, and should only be used in cases where it is not possible to build the code (for example if it uses inaccessible dependencies).\n",
                                  "type" : "string",
                                  "pattern" : "^(false|true)$"
                                },
                                "logging" : {
                                  "title" : "Options pertaining to logging.",
                                  "description" : "Options pertaining to logging.",
                                  "type" : "object",
                                  "properties" : {
                                    "verbosity" : {
                                      "title" : "Extractor logging verbosity level.",
                                      "description" : "Controls the level of verbosity of the extractor. The supported levels are (in order of increasing verbosity):\n  - off\n  - errors\n  - warnings\n  - info or progress\n  - debug or progress+\n  - trace or progress++\n  - progress+++\n",
                                      "type" : "string",
                                      "pattern" : "^(off|errors|warnings|(info|progress)|(debug|progress\\+)|(trace|progress\\+\\+)|progress\\+\\+\\+)$"
                                    }
                                  }
                                },
                                "binlog" : {
                                  "title" : "Binlog",
                                  "description" : "[EXPERIMENTAL] The value is a path to the MsBuild binary log file that should be extracted. This option only works when `--build-mode none` is also specified.\n",
                                  "type" : "array"
                                }
                              }
                            }
                          ],
                          "csv" : [
                            {
                              "extractor_root" : "c:\\codeql\\csv"
                            }
                          ],
                          "go" : [
                            {
                              "extractor_root" : "c:\\codeql\\go",
                              "extractor_options" : {
                                "extract_tests" : {
                                  "title" : "Whether to include Go test files in the CodeQL database.",
                                  "description" : "A value indicating whether Go test files should be included in the CodeQL database. The default is 'false'.\n",
                                  "type" : "string",
                                  "pattern" : "^(false|true)$"
                                },
                                "extract_vendor_dirs" : {
                                  "title" : "Whether to include Go vendor directories in the CodeQL database.",
                                  "description" : "A value indicating whether Go vendor directories should be included in the CodeQL database. The default is 'false'.\n",
                                  "type" : "string",
                                  "pattern" : "^(false|true)$"
                                }
                              }
                            }
                          ],
                          "html" : [
                            {
                              "extractor_root" : "c:\\codeql\\html"
                            }
                          ],
                          "java" : [
                            {
                              "extractor_root" : "c:\\codeql\\java",
                              "extractor_options" : {
                                "exclude" : {
                                  "title" : "A glob excluding files from analysis.",
                                  "description" : "A glob indicating what files to exclude from the analysis.\n",
                                  "type" : "string"
                                },
                                "add_prefer_source" : {
                                  "title" : "Whether to always prefer source files over class files.",
                                  "description" : "A value indicating whether source files should be preferred over class files. If set to 'true', the extraction adds '-Xprefer:source' to the javac command line. If set to 'false', the extraction uses the default javac behavior ('-Xprefer:newer'). The default is 'true'.\n",
                                  "type" : "string",
                                  "pattern" : "^(false|true)$"
                                },
                                "buildless" : {
                                  "title" : "Whether to use buildless (standalone) extraction (experimental).",
                                  "description" : "A value indicating, which type of extraction the autobuilder should perform. If 'true', then the standalone extractor will be used, otherwise tracing extraction will be performed. The default is 'false'. Note that buildless extraction will generally yield less accurate analysis results, and should only be used in cases where it is not possible to build the code (for example if it uses inaccessible dependencies).\n",
                                  "type" : "string",
                                  "pattern" : "^(false|true)$"
                                }
                              }
                            }
                          ],
                          "javascript" : [
                            {
                              "extractor_root" : "c:\\codeql\\javascript",
                              "extractor_options" : {
                                "skip_types" : {
                                  "title" : "Skip type extraction for TypeScript",
                                  "description" : "Whether to skip the extraction of types in a TypeScript application",
                                  "type" : "string",
                                  "pattern" : "^(false|true)$"
                                }
                              }
                            }
                          ],
                          "properties" : [
                            {
                              "extractor_root" : "c:\\codeql\\properties"
                            }
                          ],
                          "python" : [
                            {
                              "extractor_root" : "c:\\codeql\\python",
                              "extractor_options" : {
                                "logging" : {
                                  "title" : "Options pertaining to logging.",
                                  "description" : "Options pertaining to logging.",
                                  "type" : "object",
                                  "properties" : {
                                    "verbosity" : {
                                      "title" : "Python extractor logging verbosity level.",
                                      "description" : "Controls the level of verbosity of the CodeQL Python extractor.\nThe supported levels are (in order of increasing verbosity):\n\n  - off\n  - errors\n  - warnings\n  - info or progress\n  - debug or progress+\n  - trace or progress++\n  - progress+++\n",
                                      "type" : "string",
                                      "pattern" : "^(off|errors|warnings|(info|progress)|(debug|progress\\+)|(trace|progress\\+\\+)|progress\\+\\+\\+)$"
                                    }
                                  }
                                },
                                "python_executable_name" : {
                                  "title" : "Controls the name of the Python executable used by the Python extractor.",
                                  "description" : "The Python extractor uses platform-dependent heuristics to determine the name of the Python executable to use. Specifying a value for this option overrides the name of the Python executable used by the extractor. Accepted values are py, python and python3. Use this setting with caution, the Python extractor requires Python 3 to run.\n",
                                  "type" : "string",
                                  "pattern" : "^(py|python|python3)$"
                                }
                              }
                            }
                          ],
                          "ruby" : [
                            {
                              "extractor_root" : "c:\\codeql\\ruby",
                              "extractor_options" : {
                                "trap" : {
                                  "title" : "Options pertaining to TRAP.",
                                  "description" : "Options pertaining to TRAP.",
                                  "type" : "object",
                                  "properties" : {
                                    "compression" : {
                                      "title" : "Controls compression for the TRAP files written by the extractor.",
                                      "description" : "This option is only intended for use in debugging the extractor. Accepted values are 'gzip' (the default, to write gzip-compressed TRAP) and 'none' (to write uncompressed TRAP).\n",
                                      "type" : "string",
                                      "pattern" : "^(none|gzip)$"
                                    }
                                  }
                                }
                              }
                            }
                          ],
                          "swift" : [
                            {
                              "extractor_root" : "c:\\codeql\\swift"
                            }
                          ],
                          "xml" : [
                            {
                              "extractor_root" : "c:\\codeql\\xml"
                            }
                          ],
                          "yaml" : [
                            {
                              "extractor_root" : "c:\\codeql\\yaml"
                            }
                          ]
                        }
                      }
[2025-02-11 13:53:42] [PROGRESS] database init> Calculating baseline information in C:\BEng\4th Year\Honours Project\GreenPythonLocal\scr
[2025-02-11 13:53:42] [SPAMMY] database init> Ignoring the following directories when processing baseline information: .git, .hg, .svn.
[2025-02-11 13:53:42] [DETAILS] database init> Running command in C:\BEng\4th Year\Honours Project\GreenPythonLocal\scr: c:\codeql\tools\win64\scc.exe --by-file --exclude-dir .git,.hg,.svn --format json --no-large --no-min .
[2025-02-11 13:53:42] [SPAMMY] database init> Found 1 baseline files for python.
[2025-02-11 13:53:42] [PROGRESS] database init> Calculated baseline information for languages: python (100ms).
[2025-02-11 13:53:42] [PROGRESS] database init> Resolving extractor python.
[2025-02-11 13:53:42] [DETAILS] database init> Found candidate extractor root for python: c:\codeql\python.
[2025-02-11 13:53:42] [PROGRESS] database init> Successfully loaded extractor Python (python) from c:\codeql\python.
[2025-02-11 13:53:42] [PROGRESS] database init> Created skeleton CodeQL database at C:\BEng\4th Year\Honours Project\GreenPythonLocal\my-python-db. This in-progress database is ready to be populated by an extractor.
[2025-02-11 13:53:42] Plumbing command codeql database init completed.
[2025-02-11 13:53:42] [PROGRESS] database create> Running build command: []
[2025-02-11 13:53:42] Running plumbing command: codeql database trace-command --working-dir=C:\BEng\4th Year\Honours Project\GreenPythonLocal\scr --index-traceless-dbs --no-db-cluster -- C:\BEng\4th Year\Honours Project\GreenPythonLocal\my-python-db
[2025-02-11 13:53:42] Using autobuild script C:\codeql\python\tools\autobuild.cmd.
[2025-02-11 13:53:42] [PROGRESS] database trace-command> Running command in C:\BEng\4th Year\Honours Project\GreenPythonLocal\scr: [C:\codeql\python\tools\autobuild.cmd]
[2025-02-11 13:53:42] [build-stdout] Python 3.12.3
[2025-02-11 13:53:42] [build-stderr] No suitable Python runtime found
[2025-02-11 13:53:42] [build-stderr] Pass --list (-0) to see all detected environments on your machine
[2025-02-11 13:53:42] [build-stderr] or set environment variable PYLAUNCHER_ALLOW_INSTALL to use winget
[2025-02-11 13:53:42] [build-stderr] or open the Microsoft Store to the requested version.
[2025-02-11 13:53:42] [build-stdout] No directories containing root identifiers were found. Returning working directory as root.
[2025-02-11 13:53:42] [build-stdout] Will try to guess Python version, as it was not specified in `lgtm.yml`
[2025-02-11 13:53:42] [build-stdout] Trying to guess Python version based on Trove classifiers in setup.py
[2025-02-11 13:53:42] [build-stdout] Did not find setup.py (expected it to be at C:\BEng\4th Year\Honours Project\GreenPythonLocal\scr\setup.py)
[2025-02-11 13:53:42] [build-stdout] Trying to guess Python version based on travis file
[2025-02-11 13:53:42] [build-stdout] Did not find any travis files (expected them at either ['C:\\BEng\\4th Year\\Honours Project\\GreenPythonLocal\\scr\\.travis.yml', 'C:\\BEng\\4th Year\\Honours Project\\GreenPythonLocal\\scr\\travis.yml'])
[2025-02-11 13:53:42] [build-stdout] Trying to guess Python version based on installed versions
[2025-02-11 13:53:42] [build-stdout] Wanted to run Python 2, but it is not available. Using Python 3 instead
[2025-02-11 13:53:42] [build-stdout] This script is running Python 3, but Python 2 is also available (as 'py -3')
[2025-02-11 13:53:42] [build-stdout] Could not guess Python version, will use default: Python 3
[2025-02-11 13:53:42] [build-stdout] Calling py -3 -S C:\codeql\python\tools\python_tracer.py --verbosity 3 -z all -c C:\BEng\4th Year\Honours Project\GreenPythonLocal\my-python-db\working\trap_cache -R C:\BEng\4th Year\Honours Project\GreenPythonLocal\scr
[2025-02-11 13:53:43] [build-stdout] Python 3.12.3
[2025-02-11 13:53:43] [build-stdout] INFO: The Python extractor has recently stopped extracting the standard library by default. If you encounter problems, please let us know by submitting an issue to https://github.com/github/codeql. It is possible to re-enable extraction of the standard library by setting the environment variable CODEQL_EXTRACTOR_PYTHON_EXTRACT_STDLIB.
[2025-02-11 13:53:43] [build-stdout] [INFO] Extraction will use the Python 3 standard library.
[2025-02-11 13:53:43] [build-stdout] [INFO] sys_path is: ['C:\\codeql\\python\\tools', 'C:\\Users\\timho\\AppData\\Local\\Programs\\Python\\Python312\\python312.zip', 'C:\\Users\\timho\\AppData\\Local\\Programs\\Python\\Python312\\DLLs', 'C:\\Users\\timho\\AppData\\Local\\Programs\\Python\\Python312\\Lib', 'C:\\Users\\timho\\AppData\\Local\\Programs\\Python\\Python312']
[2025-02-11 13:53:43] [build-stdout] [INFO] Python version 3.12.3
[2025-02-11 13:53:43] [build-stdout] [INFO] Python extractor version 7.1.2
[2025-02-11 13:53:44] [build-stdout] [INFO] [2] Extracted file C:\BEng\4th Year\Honours Project\GreenPythonLocal\scr\app.py in 15ms
[2025-02-11 13:53:44] [build-stdout] [INFO] Processed 1 modules in 1.12s
[2025-02-11 13:53:45] Plumbing command codeql database trace-command completed.
[2025-02-11 13:53:45] [PROGRESS] database create> Finalizing database at C:\BEng\4th Year\Honours Project\GreenPythonLocal\my-python-db.
[2025-02-11 13:53:45] Running plumbing command: codeql database finalize --no-db-cluster -- C:\BEng\4th Year\Honours Project\GreenPythonLocal\my-python-db
[2025-02-11 13:53:45] Using pre-finalize script C:\codeql\python\tools\pre-finalize.cmd.
[2025-02-11 13:53:45] [PROGRESS] database finalize> Running pre-finalize script C:\codeql\python\tools\pre-finalize.cmd in C:\BEng\4th Year\Honours Project\GreenPythonLocal\scr.
[2025-02-11 13:53:45] Running plumbing command: codeql database trace-command --working-dir=C:\BEng\4th Year\Honours Project\GreenPythonLocal\scr --no-tracing -- C:\BEng\4th Year\Honours Project\GreenPythonLocal\my-python-db C:\codeql\python\tools\pre-finalize.cmd
[2025-02-11 13:53:45] [PROGRESS] database trace-command> Running command in C:\BEng\4th Year\Honours Project\GreenPythonLocal\scr: [C:\codeql\python\tools\pre-finalize.cmd]
[2025-02-11 13:53:45] [build-stderr] This CodeQL Distribution is installed in 'C:\', which is a root filesystem directory. This could cause performance issues. Consider moving to a new location outside of the root, downloads or desktop directory. Alternatively, set the 'CODEQL_ALLOW_INSTALLATION_ANYWHERE' environment variable to 'true' to avoid seeing this message again.
[2025-02-11 13:53:46] [build-stderr] Scanning for files in C:\BEng\4th Year\Honours Project\GreenPythonLocal\scr...
[2025-02-11 13:53:46] Plumbing command codeql database trace-command completed.
[2025-02-11 13:53:46] [PROGRESS] database finalize> Running TRAP import for CodeQL database at C:\BEng\4th Year\Honours Project\GreenPythonLocal\my-python-db...
[2025-02-11 13:53:46] Running plumbing command: codeql dataset import --dbscheme=C:\codeql\python\semmlecode.python.dbscheme -- C:\BEng\4th Year\Honours Project\GreenPythonLocal\my-python-db\db-python C:\BEng\4th Year\Honours Project\GreenPythonLocal\my-python-db\trap\python
[2025-02-11 13:53:46] Clearing disk cache since the version file C:\BEng\4th Year\Honours Project\GreenPythonLocal\my-python-db\db-python\default\cache\version does not exist
[2025-02-11 13:53:46] Tuple pool not found. Clearing relations with cached strings
[2025-02-11 13:53:46] Trimming disk cache at C:\BEng\4th Year\Honours Project\GreenPythonLocal\my-python-db\db-python\default\cache in mode clear.
[2025-02-11 13:53:46] Sequence stamp origin is -6083726571274783897
[2025-02-11 13:53:46] Pausing evaluation to hard-clear memory at sequence stamp o+0
[2025-02-11 13:53:46] Unpausing evaluation
[2025-02-11 13:53:46] Pausing evaluation to quickly trim disk at sequence stamp o+1
[2025-02-11 13:53:46] Unpausing evaluation
[2025-02-11 13:53:46] Pausing evaluation to zealously trim disk at sequence stamp o+2
[2025-02-11 13:53:46] Unpausing evaluation
[2025-02-11 13:53:46] Trimming completed (15ms): Purged everything.
[2025-02-11 13:53:46] Scanning for files in C:\BEng\4th Year\Honours Project\GreenPythonLocal\my-python-db\trap\python
[2025-02-11 13:53:46] Found 6 TRAP files (445.60 KiB)
[2025-02-11 13:53:46] [PROGRESS] dataset import> Importing TRAP files
[2025-02-11 13:53:47] Importing $files.ginL3bhHg8Ck5LaKcZkKsonvi-4=.trap.gz (1 of 6)
[2025-02-11 13:53:47] Importing $flags.3LT9Thr7eUWlKaoWU9rAuOlpUfg=.trap.gz (2 of 6)
[2025-02-11 13:53:47] Importing $interpreter3.9r7bIstGpqif-yHIMiNVWJjn-io=.trap.gz (3 of 6)
[2025-02-11 13:53:47] Importing $stdlib_33.7FkOu_LUzlAm1MIaoCTZ_mu8kPM=.trap (4 of 6)
[2025-02-11 13:53:47] Importing app.py.gMXbY0nGEJds2sAXuCTUpZF9uJ4=.trap.gz (5 of 6)
[2025-02-11 13:53:47] Importing sourceLocationPrefix.trap.gz (6 of 6)
[2025-02-11 13:53:47] [PROGRESS] dataset import> Merging relations
[2025-02-11 13:53:47] Merging 1 fragment for 'files'.
[2025-02-11 13:53:47] Merged 28 bytes for 'files'.
[2025-02-11 13:53:47] Merging 1 fragment for 'folders'.
[2025-02-11 13:53:47] Merged 36 bytes for 'folders'.
[2025-02-11 13:53:47] Merging 1 fragment for 'containerparent'.
[2025-02-11 13:53:47] Merged 37 bytes for 'containerparent'.
[2025-02-11 13:53:47] Merging 1 fragment for 'py_flags_versioned'.
[2025-02-11 13:53:47] Merged 180 bytes for 'py_flags_versioned'.
[2025-02-11 13:53:47] Merging 1 fragment for 'py_cobjects'.
[2025-02-11 13:53:47] Merged 4500 bytes (4.39 KiB) for 'py_cobjects'.
[2025-02-11 13:53:47] Merging 1 fragment for 'py_cobjecttypes'.
[2025-02-11 13:53:47] Merged 4546 bytes (4.44 KiB) for 'py_cobjecttypes'.
[2025-02-11 13:53:47] Merging 1 fragment for 'py_cobject_sources'.
[2025-02-11 13:53:47] Merged 6673 bytes (6.52 KiB) for 'py_cobject_sources'.
[2025-02-11 13:53:47] Merging 1 fragment for 'py_cobjectnames'.
[2025-02-11 13:53:47] Merged 5775 bytes (5.64 KiB) for 'py_cobjectnames'.
[2025-02-11 13:53:47] Merging 1 fragment for 'py_cmembers_versioned'.
[2025-02-11 13:53:47] Merged 6642 bytes (6.49 KiB) for 'py_cmembers_versioned'.
[2025-02-11 13:53:47] Merging 1 fragment for 'py_special_objects'.
[2025-02-11 13:53:47] Merged 136 bytes for 'py_special_objects'.
[2025-02-11 13:53:47] Merging 1 fragment for 'py_citems'.
[2025-02-11 13:53:47] Merged 512 bytes for 'py_citems'.
[2025-02-11 13:53:47] Merging 1 fragment for 'ext_rettype'.
[2025-02-11 13:53:47] Merged 4038 bytes (3.94 KiB) for 'ext_rettype'.
[2025-02-11 13:53:47] Merging 1 fragment for 'ext_argtype'.
[2025-02-11 13:53:47] Merged 6820 bytes (6.66 KiB) for 'ext_argtype'.
[2025-02-11 13:53:47] Merging 1 fragment for 'ext_argreturn'.
[2025-02-11 13:53:47] Merged 41 bytes for 'ext_argreturn'.
[2025-02-11 13:53:47] Merging 1 fragment for 'ext_proptype'.
[2025-02-11 13:53:47] Merged 343 bytes for 'ext_proptype'.
[2025-02-11 13:53:47] Merging 1 fragment for 'py_Modules'.
[2025-02-11 13:53:47] Merged 18 bytes for 'py_Modules'.
[2025-02-11 13:53:47] Merging 1 fragment for 'py_module_path'.
[2025-02-11 13:53:47] Merged 28 bytes for 'py_module_path'.
[2025-02-11 13:53:47] Merging 1 fragment for 'variable'.
[2025-02-11 13:53:47] Merged 49 bytes for 'variable'.
[2025-02-11 13:53:47] Merging 1 fragment for 'py_extracted_version'.
[2025-02-11 13:53:47] Merged 27 bytes for 'py_extracted_version'.
[2025-02-11 13:53:47] Merging 1 fragment for 'py_scope_flow'.
[2025-02-11 13:53:47] Merged 45 bytes for 'py_scope_flow'.
[2025-02-11 13:53:47] Merging 1 fragment for 'py_flow_bb_node'.
[2025-02-11 13:53:47] Merged 58 bytes for 'py_flow_bb_node'.
[2025-02-11 13:53:47] Merging 1 fragment for 'py_successors'.
[2025-02-11 13:53:47] Merged 33 bytes for 'py_successors'.
[2025-02-11 13:53:47] Merging 1 fragment for 'py_idoms'.
[2025-02-11 13:53:47] Merged 33 bytes for 'py_idoms'.
[2025-02-11 13:53:47] Merging 1 fragment for 'locations_ast'.
[2025-02-11 13:53:47] Merged 71 bytes for 'locations_ast'.
[2025-02-11 13:53:47] Merging 1 fragment for 'py_scope_location'.
[2025-02-11 13:53:47] Merged 31 bytes for 'py_scope_location'.
[2025-02-11 13:53:47] Merging 1 fragment for 'sourceLocationPrefix'.
[2025-02-11 13:53:47] Merged 17 bytes for 'sourceLocationPrefix'.
[2025-02-11 13:53:47] Saving string and id pools to disk.
[2025-02-11 13:53:47] Finished importing TRAP files.
[2025-02-11 13:53:47] Read 931.59 KiB of uncompressed TRAP data.
[2025-02-11 13:53:47] Uncompressed relation data size: 177.79 KiB
[2025-02-11 13:53:47] Relation data size: 39.76 KiB (merge rate: 335.14 KiB/s)
[2025-02-11 13:53:47] String pool size: 2.06 MiB
[2025-02-11 13:53:47] ID pool size: 1.09 MiB
[2025-02-11 13:53:47] [PROGRESS] dataset import> Finished writing database (relations: 39.76 KiB; string pool: 2.06 MiB).
[2025-02-11 13:53:47] Pausing evaluation to close the cache at sequence stamp o+55
[2025-02-11 13:53:47] The disk cache is freshly trimmed; leave it be.
[2025-02-11 13:53:47] Unpausing evaluation
[2025-02-11 13:53:47] Plumbing command codeql dataset import completed.
[2025-02-11 13:53:47] [PROGRESS] database finalize> TRAP import complete (1.3s).
[2025-02-11 13:53:47] Running plumbing command: codeql database cleanup -- C:\BEng\4th Year\Honours Project\GreenPythonLocal\my-python-db
[2025-02-11 13:53:47] [PROGRESS] database cleanup> Cleaning up existing TRAP files after import...
[2025-02-11 13:53:47] [PROGRESS] database cleanup> TRAP files cleaned up (3ms).
[2025-02-11 13:53:47] [PROGRESS] database cleanup> Cleaning up scratch directory...
[2025-02-11 13:53:47] [PROGRESS] database cleanup> Scratch directory cleaned up (3ms).
[2025-02-11 13:53:47] Running plumbing command: codeql dataset cleanup -- C:\BEng\4th Year\Honours Project\GreenPythonLocal\my-python-db\db-python
[2025-02-11 13:53:47] [PROGRESS] dataset cleanup> Cleaning up dataset in C:\BEng\4th Year\Honours Project\GreenPythonLocal\my-python-db\db-python.
[2025-02-11 13:53:47] Trimming disk cache at C:\BEng\4th Year\Honours Project\GreenPythonLocal\my-python-db\db-python\default\cache in mode trim.
[2025-02-11 13:53:47] Sequence stamp origin is -6083726565930660458
[2025-02-11 13:53:47] Pausing evaluation to quickly trim memory at sequence stamp o+0
[2025-02-11 13:53:47] Unpausing evaluation
[2025-02-11 13:53:47] Pausing evaluation to zealously trim disk at sequence stamp o+1
[2025-02-11 13:53:47] Unpausing evaluation
[2025-02-11 13:53:47] Trimming completed (5ms): Trimmed disposable data from cache.
[2025-02-11 13:53:47] Pausing evaluation to close the cache at sequence stamp o+2
[2025-02-11 13:53:47] The disk cache is freshly trimmed; leave it be.
[2025-02-11 13:53:47] Unpausing evaluation
[2025-02-11 13:53:47] [PROGRESS] dataset cleanup> Trimmed disposable data from cache.
[2025-02-11 13:53:47] [PROGRESS] dataset cleanup> Finalizing dataset in C:\BEng\4th Year\Honours Project\GreenPythonLocal\my-python-db\db-python
[2025-02-11 13:53:47] [WARN] Failed to delete C:\BEng\4th Year\Honours Project\GreenPythonLocal\my-python-db\db-python\default\idPool\metadata (attempt 1)
                             java.nio.file.FileSystemException: C:\BEng\4th Year\Honours Project\GreenPythonLocal\my-python-db\db-python\default\idPool\metadata: The process cannot access the file because it is being used by another process
                             	at java.base/sun.nio.fs.WindowsException.translateToIOException(Unknown Source)
                             	at java.base/sun.nio.fs.WindowsException.rethrowAsIOException(Unknown Source)
                             	at java.base/sun.nio.fs.WindowsException.rethrowAsIOException(Unknown Source)
                             	at java.base/sun.nio.fs.WindowsFileSystemProvider.implDelete(Unknown Source)
                             	at java.base/sun.nio.fs.AbstractFileSystemProvider.delete(Unknown Source)
                             	at java.base/java.nio.file.Files.delete(Unknown Source)
                             	at com.semmle.util.files.FileUtil8.delete(FileUtil8.java:361)
                             	at com.semmle.util.files.FileUtil8.deleteIfExists(FileUtil8.java:394)
                             	at com.semmle.util.files.FileUtil8.lambda$deleteWithRetries$10(FileUtil8.java:628)
                             	at com.semmle.util.files.FileUtil8.performWithRetries(FileUtil8.java:559)
                             	at com.semmle.util.files.FileUtil8.deleteWithRetries(FileUtil8.java:627)
                             	at com.semmle.util.files.FileUtil8$2.doDelete(FileUtil8.java:193)
                             	at com.semmle.util.files.FileUtil8$2.tryDelete(FileUtil8.java:200)
                             	at com.semmle.util.files.FileUtil8$2.tryDelete(FileUtil8.java:223)
                             	at com.semmle.util.files.FileUtil8$2.postVisitDirectory(FileUtil8.java:264)
                             	at com.semmle.util.files.FileUtil8$2.postVisitDirectory(FileUtil8.java:164)
                             	at java.base/java.nio.file.Files.walkFileTree(Unknown Source)
                             	at java.base/java.nio.file.Files.walkFileTree(Unknown Source)
                             	at com.semmle.util.files.FileUtil8.recursiveDelete(FileUtil8.java:162)
                             	at com.semmle.util.files.FileUtil8.strictRecursiveDelete(FileUtil8.java:136)
                             	at com.semmle.util.files.FileUtil8.strictRecursiveDeleteWithRetries(FileUtil8.java:112)
                             	at com.semmle.cli2.ql.dataset.CleanupDatasetCommand.executeSubcommand(CleanupDatasetCommand.java:86)
                             	at com.semmle.cli2.picocli.SubcommandCommon.lambda$executeSubcommandWithMessages$5(SubcommandCommon.java:892)
                             	at com.semmle.cli2.picocli.SubcommandCommon.withCompilationMessages(SubcommandCommon.java:444)
                             	at com.semmle.cli2.picocli.SubcommandCommon.executeSubcommandWithMessages(SubcommandCommon.java:890)
                             	at com.semmle.cli2.picocli.PlumbingRunner.run(PlumbingRunner.java:119)
                             	at com.semmle.cli2.picocli.SubcommandCommon.execPlumbingInProcess(SubcommandCommon.java:229)
                             	at com.semmle.cli2.database.CleanupDatabaseCommand.executeSubcommand(CleanupDatabaseCommand.java:100)
                             	at com.semmle.cli2.picocli.SubcommandCommon.lambda$executeSubcommandWithMessages$5(SubcommandCommon.java:892)
                             	at com.semmle.cli2.picocli.SubcommandCommon.withCompilationMessages(SubcommandCommon.java:444)
                             	at com.semmle.cli2.picocli.SubcommandCommon.executeSubcommandWithMessages(SubcommandCommon.java:890)
                             	at com.semmle.cli2.picocli.PlumbingRunner.run(PlumbingRunner.java:119)
                             	at com.semmle.cli2.picocli.SubcommandCommon.runPlumbingInProcess(SubcommandCommon.java:201)
                             	at com.semmle.cli2.database.FinalizeCommand.finalizeOne(FinalizeCommand.java:184)
                             	at com.semmle.cli2.database.FinalizeCommand.executeSubcommand(FinalizeCommand.java:110)
                             	at com.semmle.cli2.picocli.SubcommandCommon.lambda$executeSubcommandWithMessages$5(SubcommandCommon.java:892)
                             	at com.semmle.cli2.picocli.SubcommandCommon.withCompilationMessages(SubcommandCommon.java:444)
                             	at com.semmle.cli2.picocli.SubcommandCommon.executeSubcommandWithMessages(SubcommandCommon.java:890)
                             	at com.semmle.cli2.picocli.PlumbingRunner.run(PlumbingRunner.java:119)
                             	at com.semmle.cli2.picocli.SubcommandCommon.runPlumbingInProcess(SubcommandCommon.java:201)
                             	at com.semmle.cli2.database.CreateCommand.executeSubcommand(CreateCommand.java:204)
                             	at com.semmle.cli2.picocli.SubcommandCommon.lambda$executeSubcommandWithMessages$5(SubcommandCommon.java:892)
                             	at com.semmle.cli2.picocli.SubcommandCommon.withCompilationMessages(SubcommandCommon.java:444)
                             	at com.semmle.cli2.picocli.SubcommandCommon.executeSubcommandWithMessages(SubcommandCommon.java:890)
                             	at com.semmle.cli2.picocli.SubcommandCommon.toplevelMain(SubcommandCommon.java:777)
                             	at com.semmle.cli2.picocli.SubcommandCommon.call(SubcommandCommon.java:757)
                             	at com.semmle.cli2.picocli.SubcommandMaker.runMain(SubcommandMaker.java:238)
                             	at com.semmle.cli2.picocli.SubcommandMaker.runMain(SubcommandMaker.java:259)
                             	at com.semmle.cli2.CodeQL.main(CodeQL.java:115)
[2025-02-11 13:53:48] [DETAILS] dataset cleanup> Finished deleting ID pool from C:\BEng\4th Year\Honours Project\GreenPythonLocal\my-python-db\db-python (1s).
[2025-02-11 13:53:48] Plumbing command codeql dataset cleanup completed.
[2025-02-11 13:53:48] Plumbing command codeql database cleanup completed with status 0.
[2025-02-11 13:53:48] [PROGRESS] database finalize> Finished zipping source archive (236.00 B).
[2025-02-11 13:53:48] Plumbing command codeql database finalize completed.
[2025-02-11 13:53:48] [PROGRESS] database create> Successfully created database at C:\BEng\4th Year\Honours Project\GreenPythonLocal\my-python-db.
[2025-02-11 13:53:48] Terminating normally.
