[2025-02-11 15:01:19] This is codeql execute queries -J-Xmx1800M --off-heap-ram=1569 --verbosity=progress --logdir=C:\BEng\4th Year\Honours Project\GreenPythonLocal\my-python-db\log --evaluator-log-level=5 --warnings=show --dynamic-join-order-mode=none --qlconfig-file=C:\BEng\4th Year\Honours Project\GreenPythonLocal\qlconfig.yml --no-rerun --output=C:\BEng\4th Year\Honours Project\GreenPythonLocal\my-python-db\results -- C:\BEng\4th Year\Honours Project\GreenPythonLocal\my-python-db\db-python C:\BEng\4th Year\Honours Project\GreenPythonLocal\codeql-custom-queries-python\example.ql
[2025-02-11 15:01:19] [WARN] execute queries> This CodeQL Distribution is installed in 'C:\', which is a root filesystem directory. This could cause performance issues. Consider moving to a new location outside of the root, downloads or desktop directory. Alternatively, set the 'CODEQL_ALLOW_INSTALLATION_ANYWHERE' environment variable to 'true' to avoid seeing this message again.
[2025-02-11 15:01:19] Calling plumbing command: codeql resolve queries --qlconfig-file=C:\BEng\4th Year\Honours Project\GreenPythonLocal\qlconfig.yml --format=json -- C:\BEng\4th Year\Honours Project\GreenPythonLocal\codeql-custom-queries-python\example.ql
[2025-02-11 15:01:20] [PROGRESS] resolve queries> Recording pack reference getting-started/codeql-extra-queries-python at C:\BEng\4th Year\Honours Project\GreenPythonLocal\codeql-custom-queries-python.
[2025-02-11 15:01:20] Plumbing command codeql resolve queries completed:
                      [
                        "C:\\BEng\\4th Year\\Honours Project\\GreenPythonLocal\\codeql-custom-queries-python\\example.ql"
                      ]
[2025-02-11 15:01:20] Refusing fancy output: $CODEQL_ISATTY terminal indication is missing
[2025-02-11 15:01:20] Creating executor with 1 threads.
[2025-02-11 15:01:20] Calling plumbing command: codeql resolve extensions --qlconfig-file=C:\BEng\4th Year\Honours Project\GreenPythonLocal\qlconfig.yml --include-extension-row-locations C:\BEng\4th Year\Honours Project\GreenPythonLocal\codeql-custom-queries-python\example.ql
[2025-02-11 15:01:20] Calling plumbing command: codeql resolve queries --qlconfig-file=C:\BEng\4th Year\Honours Project\GreenPythonLocal\qlconfig.yml --allow-library-packs --format startingpacks -- C:\BEng\4th Year\Honours Project\GreenPythonLocal\codeql-custom-queries-python\example.ql
[2025-02-11 15:01:20] [PROGRESS] resolve queries> Recording pack reference getting-started/codeql-extra-queries-python at C:\BEng\4th Year\Honours Project\GreenPythonLocal\codeql-custom-queries-python.
[2025-02-11 15:01:20] Plumbing command codeql resolve queries completed:
                      [
                        "C:\\BEng\\4th Year\\Honours Project\\GreenPythonLocal\\codeql-custom-queries-python"
                      ]
[2025-02-11 15:01:20] Calling plumbing command: codeql resolve extensions-by-pack --qlconfig-file=C:\BEng\4th Year\Honours Project\GreenPythonLocal\qlconfig.yml --include-extension-row-locations -- C:\BEng\4th Year\Honours Project\GreenPythonLocal\codeql-custom-queries-python
[2025-02-11 15:01:20] [SPAMMY] resolve extensions-by-pack> [INCOMPATIBILITY] getting-started/codeql-extra-queries-python: not 1.0.0 {root: getting-started/codeql-extra-queries-python@1.0.0}
[2025-02-11 15:01:20] [SPAMMY] resolve extensions-by-pack> [DERIVATION] getting-started/codeql-extra-queries-python: 1.0.0 {getting-started/codeql-extra-queries-python: not 1.0.0 {root: getting-started/codeql-extra-queries-python@1.0.0}}
[2025-02-11 15:01:20] [SPAMMY] resolve extensions-by-pack> [INCOMPATIBILITY] getting-started/codeql-extra-queries-python: * [*], codeql/python-all: not * [*] {dependency: getting-started/codeql-extra-queries-python@* [*] requires codeql/python-all@^4.0.0}
[2025-02-11 15:01:20] [SPAMMY] resolve extensions-by-pack> [DECISION 1] getting-started/codeql-extra-queries-python: 1.0.0
[2025-02-11 15:01:20] [SPAMMY] resolve extensions-by-pack> [DERIVATION] codeql/python-all: * [*] {getting-started/codeql-extra-queries-python: * [*], codeql/python-all: not * [*] {dependency: getting-started/codeql-extra-queries-python@* [*] requires codeql/python-all@^4.0.0}}
[2025-02-11 15:01:20] [SPAMMY] resolve extensions-by-pack> [INCOMPATIBILITY] codeql/python-all: * [*], codeql/dataflow: not * [*] {dependency: codeql/python-all@* [*] requires codeql/dataflow@2.0.0}
[2025-02-11 15:01:20] [SPAMMY] resolve extensions-by-pack> [INCOMPATIBILITY] codeql/python-all: * [*], codeql/mad: not * [*] {dependency: codeql/python-all@* [*] requires codeql/mad@1.0.16}
[2025-02-11 15:01:20] [SPAMMY] resolve extensions-by-pack> [INCOMPATIBILITY] codeql/python-all: * [*], codeql/regex: not * [*] {dependency: codeql/python-all@* [*] requires codeql/regex@1.0.16}
[2025-02-11 15:01:20] [SPAMMY] resolve extensions-by-pack> [INCOMPATIBILITY] codeql/python-all: * [*], codeql/threat-models: not * [*] {dependency: codeql/python-all@* [*] requires codeql/threat-models@1.0.16}
[2025-02-11 15:01:20] [SPAMMY] resolve extensions-by-pack> [INCOMPATIBILITY] codeql/python-all: * [*], codeql/tutorial: not * [*] {dependency: codeql/python-all@* [*] requires codeql/tutorial@1.0.16}
[2025-02-11 15:01:20] [SPAMMY] resolve extensions-by-pack> [INCOMPATIBILITY] codeql/python-all: * [*], codeql/util: not * [*] {dependency: codeql/python-all@* [*] requires codeql/util@2.0.3}
[2025-02-11 15:01:20] [SPAMMY] resolve extensions-by-pack> [INCOMPATIBILITY] codeql/python-all: * [*], codeql/xml: not * [*] {dependency: codeql/python-all@* [*] requires codeql/xml@1.0.16}
[2025-02-11 15:01:20] [SPAMMY] resolve extensions-by-pack> [INCOMPATIBILITY] codeql/python-all: * [*], codeql/yaml: not * [*] {dependency: codeql/python-all@* [*] requires codeql/yaml@1.0.16}
[2025-02-11 15:01:20] [SPAMMY] resolve extensions-by-pack> [DECISION 2] codeql/python-all: 4.0.0
[2025-02-11 15:01:20] [SPAMMY] resolve extensions-by-pack> [DERIVATION] codeql/yaml: * [*] {codeql/python-all: * [*], codeql/yaml: not * [*] {dependency: codeql/python-all@* [*] requires codeql/yaml@1.0.16}}
[2025-02-11 15:01:20] [SPAMMY] resolve extensions-by-pack> [DERIVATION] codeql/xml: * [*] {codeql/python-all: * [*], codeql/xml: not * [*] {dependency: codeql/python-all@* [*] requires codeql/xml@1.0.16}}
[2025-02-11 15:01:20] [SPAMMY] resolve extensions-by-pack> [DERIVATION] codeql/util: * [*] {codeql/python-all: * [*], codeql/util: not * [*] {dependency: codeql/python-all@* [*] requires codeql/util@2.0.3}}
[2025-02-11 15:01:20] [SPAMMY] resolve extensions-by-pack> [DERIVATION] codeql/tutorial: * [*] {codeql/python-all: * [*], codeql/tutorial: not * [*] {dependency: codeql/python-all@* [*] requires codeql/tutorial@1.0.16}}
[2025-02-11 15:01:20] [SPAMMY] resolve extensions-by-pack> [DERIVATION] codeql/threat-models: * [*] {codeql/python-all: * [*], codeql/threat-models: not * [*] {dependency: codeql/python-all@* [*] requires codeql/threat-models@1.0.16}}
[2025-02-11 15:01:20] [SPAMMY] resolve extensions-by-pack> [DERIVATION] codeql/regex: * [*] {codeql/python-all: * [*], codeql/regex: not * [*] {dependency: codeql/python-all@* [*] requires codeql/regex@1.0.16}}
[2025-02-11 15:01:20] [SPAMMY] resolve extensions-by-pack> [DERIVATION] codeql/mad: * [*] {codeql/python-all: * [*], codeql/mad: not * [*] {dependency: codeql/python-all@* [*] requires codeql/mad@1.0.16}}
[2025-02-11 15:01:20] [SPAMMY] resolve extensions-by-pack> [DERIVATION] codeql/dataflow: * [*] {codeql/python-all: * [*], codeql/dataflow: not * [*] {dependency: codeql/python-all@* [*] requires codeql/dataflow@2.0.0}}
[2025-02-11 15:01:20] [SPAMMY] resolve extensions-by-pack> [INCOMPATIBILITY] codeql/dataflow: * [*], codeql/ssa: not * [*] {dependency: codeql/dataflow@* [*] requires codeql/ssa@1.0.16}
[2025-02-11 15:01:20] [SPAMMY] resolve extensions-by-pack> [INCOMPATIBILITY] codeql/dataflow: * [*], codeql/typetracking: not * [*] {dependency: codeql/dataflow@* [*] requires codeql/typetracking@2.0.0}
[2025-02-11 15:01:20] [SPAMMY] resolve extensions-by-pack> [INCOMPATIBILITY] codeql/dataflow: * [*], codeql/util: not * [*] {dependency: codeql/dataflow@* [*] requires codeql/util@2.0.3}
[2025-02-11 15:01:20] [SPAMMY] resolve extensions-by-pack> [DECISION 3] codeql/dataflow: 2.0.0
[2025-02-11 15:01:20] [SPAMMY] resolve extensions-by-pack> [DERIVATION] codeql/typetracking: * [*] {codeql/dataflow: * [*], codeql/typetracking: not * [*] {dependency: codeql/dataflow@* [*] requires codeql/typetracking@2.0.0}}
[2025-02-11 15:01:20] [SPAMMY] resolve extensions-by-pack> [DERIVATION] codeql/ssa: * [*] {codeql/dataflow: * [*], codeql/ssa: not * [*] {dependency: codeql/dataflow@* [*] requires codeql/ssa@1.0.16}}
[2025-02-11 15:01:20] [SPAMMY] resolve extensions-by-pack> [INCOMPATIBILITY] codeql/mad: * [*], codeql/dataflow: not * [*] {dependency: codeql/mad@* [*] requires codeql/dataflow@2.0.0}
[2025-02-11 15:01:20] [SPAMMY] resolve extensions-by-pack> [INCOMPATIBILITY] codeql/mad: * [*], codeql/util: not * [*] {dependency: codeql/mad@* [*] requires codeql/util@2.0.3}
[2025-02-11 15:01:20] [SPAMMY] resolve extensions-by-pack> [DECISION 4] codeql/mad: 1.0.16
[2025-02-11 15:01:20] [SPAMMY] resolve extensions-by-pack> [INCOMPATIBILITY] codeql/regex: * [*], codeql/util: not * [*] {dependency: codeql/regex@* [*] requires codeql/util@2.0.3}
[2025-02-11 15:01:20] [SPAMMY] resolve extensions-by-pack> [DECISION 5] codeql/regex: 1.0.16
[2025-02-11 15:01:20] [SPAMMY] resolve extensions-by-pack> [INCOMPATIBILITY] codeql/ssa: * [*], codeql/util: not * [*] {dependency: codeql/ssa@* [*] requires codeql/util@2.0.3}
[2025-02-11 15:01:20] [SPAMMY] resolve extensions-by-pack> [DECISION 6] codeql/ssa: 1.0.16
[2025-02-11 15:01:20] [SPAMMY] resolve extensions-by-pack> [DECISION 7] codeql/threat-models: 1.0.16
[2025-02-11 15:01:20] [SPAMMY] resolve extensions-by-pack> [DECISION 8] codeql/tutorial: 1.0.16
[2025-02-11 15:01:20] [SPAMMY] resolve extensions-by-pack> [INCOMPATIBILITY] codeql/typetracking: * [*], codeql/util: not * [*] {dependency: codeql/typetracking@* [*] requires codeql/util@2.0.3}
[2025-02-11 15:01:20] [SPAMMY] resolve extensions-by-pack> [DECISION 9] codeql/typetracking: 2.0.0
[2025-02-11 15:01:20] [SPAMMY] resolve extensions-by-pack> [DECISION 10] codeql/util: 2.0.3
[2025-02-11 15:01:20] [SPAMMY] resolve extensions-by-pack> [INCOMPATIBILITY] codeql/xml: * [*], codeql/util: not * [*] {dependency: codeql/xml@* [*] requires codeql/util@2.0.3}
[2025-02-11 15:01:20] [SPAMMY] resolve extensions-by-pack> [DECISION 11] codeql/xml: 1.0.16
[2025-02-11 15:01:20] [SPAMMY] resolve extensions-by-pack> [DECISION 12] codeql/yaml: 1.0.16
[2025-02-11 15:01:21] [PROGRESS] resolve extensions-by-pack> Loading data extensions in C:\Users\timho\.codeql\packages\codeql\python-all\4.0.0\ext\default-threat-models-fixup.model.yml.
[2025-02-11 15:01:21] [DETAILS] resolve extensions-by-pack>   Found extension targeting codeql/threat-models:threatModelConfiguration: 1 tuples.
[2025-02-11 15:01:21] [PROGRESS] resolve extensions-by-pack> Loading data extensions in C:\Users\timho\.codeql\packages\codeql\python-all\4.0.0\semmle\python\frameworks\Asyncpg.model.yml.
[2025-02-11 15:01:21] [DETAILS] resolve extensions-by-pack>   Found extension targeting codeql/python-all:sinkModel: 5 tuples.
[2025-02-11 15:01:21] [DETAILS] resolve extensions-by-pack>   Found extension targeting codeql/python-all:typeModel: 6 tuples.
[2025-02-11 15:01:21] [PROGRESS] resolve extensions-by-pack> Loading data extensions in C:\Users\timho\.codeql\packages\codeql\python-all\4.0.0\semmle\python\frameworks\Stdlib.model.yml.
[2025-02-11 15:01:21] [DETAILS] resolve extensions-by-pack>   Found extension targeting codeql/python-all:sourceModel: 12 tuples.
[2025-02-11 15:01:21] [DETAILS] resolve extensions-by-pack>   Found extension targeting codeql/python-all:sinkModel: 1 tuples.
[2025-02-11 15:01:21] [DETAILS] resolve extensions-by-pack>   Found extension targeting codeql/python-all:summaryModel: 66 tuples.
[2025-02-11 15:01:21] [DETAILS] resolve extensions-by-pack>   Found extension targeting codeql/python-all:neutralModel: 0 tuples.
[2025-02-11 15:01:21] [DETAILS] resolve extensions-by-pack>   Found extension targeting codeql/python-all:typeModel: 0 tuples.
[2025-02-11 15:01:21] [DETAILS] resolve extensions-by-pack>   Found extension targeting codeql/python-all:typeVariableModel: 0 tuples.
[2025-02-11 15:01:21] [PROGRESS] resolve extensions-by-pack> Loading data extensions in C:\Users\timho\.codeql\packages\codeql\python-all\4.0.0\semmle\python\frameworks\data\internal\empty.model.yml.
[2025-02-11 15:01:21] [DETAILS] resolve extensions-by-pack>   Found extension targeting codeql/python-all:sourceModel: 0 tuples.
[2025-02-11 15:01:21] [DETAILS] resolve extensions-by-pack>   Found extension targeting codeql/python-all:sinkModel: 0 tuples.
[2025-02-11 15:01:21] [DETAILS] resolve extensions-by-pack>   Found extension targeting codeql/python-all:summaryModel: 0 tuples.
[2025-02-11 15:01:21] [DETAILS] resolve extensions-by-pack>   Found extension targeting codeql/python-all:neutralModel: 0 tuples.
[2025-02-11 15:01:21] [DETAILS] resolve extensions-by-pack>   Found extension targeting codeql/python-all:typeModel: 0 tuples.
[2025-02-11 15:01:21] [DETAILS] resolve extensions-by-pack>   Found extension targeting codeql/python-all:typeVariableModel: 0 tuples.
[2025-02-11 15:01:22] [PROGRESS] resolve extensions-by-pack> Loading data extensions in C:\Users\timho\.codeql\packages\codeql\python-all\4.0.0\semmle\python\frameworks\data\internal\subclass-capture\ALL.model.yml.
[2025-02-11 15:01:22] [DETAILS] resolve extensions-by-pack>   Found extension targeting codeql/python-all:typeModel: 58275 tuples.
[2025-02-11 15:01:22] [PROGRESS] resolve extensions-by-pack> Loading data extensions in C:\Users\timho\.codeql\packages\codeql\threat-models\1.0.16\ext\supported-threat-models.model.yml.
[2025-02-11 15:01:22] [DETAILS] resolve extensions-by-pack>   Found extension targeting codeql/threat-models:threatModelConfiguration: 1 tuples.
[2025-02-11 15:01:22] [PROGRESS] resolve extensions-by-pack> Loading data extensions in C:\Users\timho\.codeql\packages\codeql\threat-models\1.0.16\ext\threat-model-grouping.model.yml.
[2025-02-11 15:01:22] [DETAILS] resolve extensions-by-pack>   Found extension targeting codeql/threat-models:threatModelGrouping: 15 tuples.
[2025-02-11 15:01:22] [PROGRESS] resolve extensions-by-pack> Loading data extensions in C:\Users\timho\.codeql\packages\codeql\util\2.0.3\ext\default-alert-filter.yml.
[2025-02-11 15:01:22] [DETAILS] resolve extensions-by-pack>   Found extension targeting codeql/util:restrictAlertsTo: 0 tuples.
[2025-02-11 15:01:22] [DETAILS] resolve extensions-by-pack>   Found extension targeting codeql/util:restrictAlertsToExactLocation: 0 tuples.
[2025-02-11 15:01:23] Plumbing command codeql resolve extensions-by-pack completed:
                      {
                        "models" : [ ],
                        "data" : {
                          "C:\\BEng\\4th Year\\Honours Project\\GreenPythonLocal\\codeql-custom-queries-python" : [
                            {
                              "predicate" : "threatModelConfiguration",
                              "file" : "C:\\Users\\timho\\.codeql\\packages\\codeql\\python-all\\4.0.0\\ext\\default-threat-models-fixup.model.yml",
                              "index" : 0,
                              "firstRowId" : 0,
                              "rowCount" : 1,
                              "predicateHasOrigin" : false,
                              "locations" : {
                                "lineNumbers" : "A=8",
                                "columnNumbers" : "A=9"
                              }
                            },
                            {
                              "predicate" : "sinkModel",
                              "file" : "C:\\Users\\timho\\.codeql\\packages\\codeql\\python-all\\4.0.0\\semmle\\python\\frameworks\\Asyncpg.model.yml",
                              "index" : 0,
                              "firstRowId" : 1,
                              "rowCount" : 5,
                              "predicateHasOrigin" : true,
                              "locations" : {
                                "lineNumbers" : "A=7+1+2+1+2",
                                "columnNumbers" : "A=9*5"
                              }
                            },
                            {
                              "predicate" : "typeModel",
                              "file" : "C:\\Users\\timho\\.codeql\\packages\\codeql\\python-all\\4.0.0\\semmle\\python\\frameworks\\Asyncpg.model.yml",
                              "index" : 1,
                              "firstRowId" : 6,
                              "rowCount" : 6,
                              "predicateHasOrigin" : false,
                              "locations" : {
                                "lineNumbers" : "A=20+4+1*2+2+1",
                                "columnNumbers" : "A=9*6"
                              }
                            },
                            {
                              "predicate" : "sourceModel",
                              "file" : "C:\\Users\\timho\\.codeql\\packages\\codeql\\python-all\\4.0.0\\semmle\\python\\frameworks\\Stdlib.model.yml",
                              "index" : 0,
                              "firstRowId" : 12,
                              "rowCount" : 12,
                              "predicateHasOrigin" : true,
                              "locations" : {
                                "lineNumbers" : "A=6+1*4+2+1+2+1*2+4+2",
                                "columnNumbers" : "A=9*12"
                              }
                            },
                            {
                              "predicate" : "sinkModel",
                              "file" : "C:\\Users\\timho\\.codeql\\packages\\codeql\\python-all\\4.0.0\\semmle\\python\\frameworks\\Stdlib.model.yml",
                              "index" : 1,
                              "firstRowId" : 24,
                              "rowCount" : 1,
                              "predicateHasOrigin" : true,
                              "locations" : {
                                "lineNumbers" : "A=29",
                                "columnNumbers" : "A=9"
                              }
                            },
                            {
                              "predicate" : "summaryModel",
                              "file" : "C:\\Users\\timho\\.codeql\\packages\\codeql\\python-all\\4.0.0\\semmle\\python\\frameworks\\Stdlib.model.yml",
                              "index" : 2,
                              "firstRowId" : 25,
                              "rowCount" : 66,
                              "predicateHasOrigin" : true,
                              "locations" : {
                                "lineNumbers" : "A=37+1+2+4+2*2+4+2*3+1+2+1+2+1+2+4+2+4+2*2+3+2*2+3+1+2*4+4+1+4+1+4+1*5+2*4+4+1+2*11+3+2+3+4+1+2*2+1+2",
                                "columnNumbers" : "A=9*66"
                              }
                            },
                            {
                              "predicate" : "neutralModel",
                              "file" : "C:\\Users\\timho\\.codeql\\packages\\codeql\\python-all\\4.0.0\\semmle\\python\\frameworks\\Stdlib.model.yml",
                              "index" : 3,
                              "firstRowId" : 91,
                              "rowCount" : 0,
                              "predicateHasOrigin" : false,
                              "locations" : {
                                "lineNumbers" : "A",
                                "columnNumbers" : "A"
                              }
                            },
                            {
                              "predicate" : "typeModel",
                              "file" : "C:\\Users\\timho\\.codeql\\packages\\codeql\\python-all\\4.0.0\\semmle\\python\\frameworks\\Stdlib.model.yml",
                              "index" : 4,
                              "firstRowId" : 91,
                              "rowCount" : 0,
                              "predicateHasOrigin" : false,
                              "locations" : {
                                "lineNumbers" : "A",
                                "columnNumbers" : "A"
                              }
                            },
                            {
                              "predicate" : "typeVariableModel",
                              "file" : "C:\\Users\\timho\\.codeql\\packages\\codeql\\python-all\\4.0.0\\semmle\\python\\frameworks\\Stdlib.model.yml",
                              "index" : 5,
                              "firstRowId" : 91,
                              "rowCount" : 0,
                              "predicateHasOrigin" : false,
                              "locations" : {
                                "lineNumbers" : "A",
                                "columnNumbers" : "A"
                              }
                            },
                            {
                              "predicate" : "sourceModel",
                              "file" : "C:\\Users\\timho\\.codeql\\packages\\codeql\\python-all\\4.0.0\\semmle\\python\\frameworks\\data\\internal\\empty.model.yml",
                              "index" : 0,
                              "firstRowId" : 91,
                              "rowCount" : 0,
                              "predicateHasOrigin" : true,
                              "locations" : {
                                "lineNumbers" : "A",
                                "columnNumbers" : "A"
                              }
                            },
                            {
                              "predicate" : "sinkModel",
                              "file" : "C:\\Users\\timho\\.codeql\\packages\\codeql\\python-all\\4.0.0\\semmle\\python\\frameworks\\data\\internal\\empty.model.yml",
                              "index" : 1,
                              "firstRowId" : 91,
                              "rowCount" : 0,
                              "predicateHasOrigin" : true,
                              "locations" : {
                                "lineNumbers" : "A",
                                "columnNumbers" : "A"
                              }
                            },
                            {
                              "predicate" : "summaryModel",
                              "file" : "C:\\Users\\timho\\.codeql\\packages\\codeql\\python-all\\4.0.0\\semmle\\python\\frameworks\\data\\internal\\empty.model.yml",
                              "index" : 2,
                              "firstRowId" : 91,
                              "rowCount" : 0,
                              "predicateHasOrigin" : true,
                              "locations" : {
                                "lineNumbers" : "A",
                                "columnNumbers" : "A"
                              }
                            },
                            {
                              "predicate" : "neutralModel",
                              "file" : "C:\\Users\\timho\\.codeql\\packages\\codeql\\python-all\\4.0.0\\semmle\\python\\frameworks\\data\\internal\\empty.model.yml",
                              "index" : 3,
                              "firstRowId" : 91,
                              "rowCount" : 0,
                              "predicateHasOrigin" : false,
                              "locations" : {
                                "lineNumbers" : "A",
                                "columnNumbers" : "A"
                              }
                            },
                            {
                              "predicate" : "typeModel",
                              "file" : "C:\\Users\\timho\\.codeql\\packages\\codeql\\python-all\\4.0.0\\semmle\\python\\frameworks\\data\\internal\\empty.model.yml",
                              "index" : 4,
                              "firstRowId" : 91,
                              "rowCount" : 0,
                              "predicateHasOrigin" : false,
                              "locations" : {
                                "lineNumbers" : "A",
                                "columnNumbers" : "A"
                              }
                            },
                            {
                              "predicate" : "typeVariableModel",
                              "file" : "C:\\Users\\timho\\.codeql\\packages\\codeql\\python-all\\4.0.0\\semmle\\python\\frameworks\\data\\internal\\empty.model.yml",
                              "index" : 5,
                              "firstRowId" : 91,
                              "rowCount" : 0,
                              "predicateHasOrigin" : false,
                              "locations" : {
                                "lineNumbers" : "A",
                                "columnNumbers" : "A"
                              }
                            },
                            {
                              "predicate" : "typeModel",
                              "file" : "C:\\Users\\timho\\.codeql\\packages\\codeql\\python-all\\4.0.0\\semmle\\python\\frameworks\\data\\internal\\subclass-capture\\ALL.model.yml",
                              "index" : 0,
                              "firstRowId" : 91,
                              "rowCount" : 58275,
                              "predicateHasOrigin" : false,
                              "locations" : {
                                "lineNumbers" : "A=7+3*58274",
                                "columnNumbers" : "A=5*58275"
                              }
                            },
                            {
                              "predicate" : "threatModelConfiguration",
                              "file" : "C:\\Users\\timho\\.codeql\\packages\\codeql\\threat-models\\1.0.16\\ext\\supported-threat-models.model.yml",
                              "index" : 0,
                              "firstRowId" : 58366,
                              "rowCount" : 1,
                              "predicateHasOrigin" : false,
                              "locations" : {
                                "lineNumbers" : "A=6",
                                "columnNumbers" : "A=9"
                              }
                            },
                            {
                              "predicate" : "threatModelGrouping",
                              "file" : "C:\\Users\\timho\\.codeql\\packages\\codeql\\threat-models\\1.0.16\\ext\\threat-model-grouping.model.yml",
                              "index" : 0,
                              "firstRowId" : 58367,
                              "rowCount" : 15,
                              "predicateHasOrigin" : false,
                              "locations" : {
                                "lineNumbers" : "A=8+3+1+3+1*5+3+1+5+1*3",
                                "columnNumbers" : "A=9*15"
                              }
                            },
                            {
                              "predicate" : "restrictAlertsTo",
                              "file" : "C:\\Users\\timho\\.codeql\\packages\\codeql\\util\\2.0.3\\ext\\default-alert-filter.yml",
                              "index" : 0,
                              "firstRowId" : 58382,
                              "rowCount" : 0,
                              "predicateHasOrigin" : false,
                              "locations" : {
                                "lineNumbers" : "A",
                                "columnNumbers" : "A"
                              }
                            },
                            {
                              "predicate" : "restrictAlertsToExactLocation",
                              "file" : "C:\\Users\\timho\\.codeql\\packages\\codeql\\util\\2.0.3\\ext\\default-alert-filter.yml",
                              "index" : 1,
                              "firstRowId" : 58382,
                              "rowCount" : 0,
                              "predicateHasOrigin" : false,
                              "locations" : {
                                "lineNumbers" : "A",
                                "columnNumbers" : "A"
                              }
                            }
                          ]
                        },
                        "threatModels" : {
                          "C:\\BEng\\4th Year\\Honours Project\\GreenPythonLocal\\codeql-custom-queries-python" : {
                            "extensions" : [
                              {
                                "data" : [ ],
                                "addsTo" : {
                                  "extensible" : "threatModelConfiguration",
                                  "packName" : "codeql/threat-models"
                                }
                              }
                            ]
                          }
                        },
                        "extensionPacks" : [ ]
                      }
[2025-02-11 15:01:23] Plumbing command codeql resolve extensions completed:
                      {
                        "models" : [ ],
                        "data" : {
                          "C:\\BEng\\4th Year\\Honours Project\\GreenPythonLocal\\codeql-custom-queries-python" : [
                            {
                              "predicate" : "threatModelConfiguration",
                              "file" : "C:\\Users\\timho\\.codeql\\packages\\codeql\\python-all\\4.0.0\\ext\\default-threat-models-fixup.model.yml",
                              "index" : 0,
                              "firstRowId" : 0,
                              "rowCount" : 1,
                              "predicateHasOrigin" : false,
                              "locations" : {
                                "lineNumbers" : "A=8",
                                "columnNumbers" : "A=9"
                              }
                            },
                            {
                              "predicate" : "sinkModel",
                              "file" : "C:\\Users\\timho\\.codeql\\packages\\codeql\\python-all\\4.0.0\\semmle\\python\\frameworks\\Asyncpg.model.yml",
                              "index" : 0,
                              "firstRowId" : 1,
                              "rowCount" : 5,
                              "predicateHasOrigin" : true,
                              "locations" : {
                                "lineNumbers" : "A=7+1+2+1+2",
                                "columnNumbers" : "A=9*5"
                              }
                            },
                            {
                              "predicate" : "typeModel",
                              "file" : "C:\\Users\\timho\\.codeql\\packages\\codeql\\python-all\\4.0.0\\semmle\\python\\frameworks\\Asyncpg.model.yml",
                              "index" : 1,
                              "firstRowId" : 6,
                              "rowCount" : 6,
                              "predicateHasOrigin" : false,
                              "locations" : {
                                "lineNumbers" : "A=20+4+1*2+2+1",
                                "columnNumbers" : "A=9*6"
                              }
                            },
                            {
                              "predicate" : "sourceModel",
                              "file" : "C:\\Users\\timho\\.codeql\\packages\\codeql\\python-all\\4.0.0\\semmle\\python\\frameworks\\Stdlib.model.yml",
                              "index" : 0,
                              "firstRowId" : 12,
                              "rowCount" : 12,
                              "predicateHasOrigin" : true,
                              "locations" : {
                                "lineNumbers" : "A=6+1*4+2+1+2+1*2+4+2",
                                "columnNumbers" : "A=9*12"
                              }
                            },
                            {
                              "predicate" : "sinkModel",
                              "file" : "C:\\Users\\timho\\.codeql\\packages\\codeql\\python-all\\4.0.0\\semmle\\python\\frameworks\\Stdlib.model.yml",
                              "index" : 1,
                              "firstRowId" : 24,
                              "rowCount" : 1,
                              "predicateHasOrigin" : true,
                              "locations" : {
                                "lineNumbers" : "A=29",
                                "columnNumbers" : "A=9"
                              }
                            },
                            {
                              "predicate" : "summaryModel",
                              "file" : "C:\\Users\\timho\\.codeql\\packages\\codeql\\python-all\\4.0.0\\semmle\\python\\frameworks\\Stdlib.model.yml",
                              "index" : 2,
                              "firstRowId" : 25,
                              "rowCount" : 66,
                              "predicateHasOrigin" : true,
                              "locations" : {
                                "lineNumbers" : "A=37+1+2+4+2*2+4+2*3+1+2+1+2+1+2+4+2+4+2*2+3+2*2+3+1+2*4+4+1+4+1+4+1*5+2*4+4+1+2*11+3+2+3+4+1+2*2+1+2",
                                "columnNumbers" : "A=9*66"
                              }
                            },
                            {
                              "predicate" : "neutralModel",
                              "file" : "C:\\Users\\timho\\.codeql\\packages\\codeql\\python-all\\4.0.0\\semmle\\python\\frameworks\\Stdlib.model.yml",
                              "index" : 3,
                              "firstRowId" : 91,
                              "rowCount" : 0,
                              "predicateHasOrigin" : false,
                              "locations" : {
                                "lineNumbers" : "A",
                                "columnNumbers" : "A"
                              }
                            },
                            {
                              "predicate" : "typeModel",
                              "file" : "C:\\Users\\timho\\.codeql\\packages\\codeql\\python-all\\4.0.0\\semmle\\python\\frameworks\\Stdlib.model.yml",
                              "index" : 4,
                              "firstRowId" : 91,
                              "rowCount" : 0,
                              "predicateHasOrigin" : false,
                              "locations" : {
                                "lineNumbers" : "A",
                                "columnNumbers" : "A"
                              }
                            },
                            {
                              "predicate" : "typeVariableModel",
                              "file" : "C:\\Users\\timho\\.codeql\\packages\\codeql\\python-all\\4.0.0\\semmle\\python\\frameworks\\Stdlib.model.yml",
                              "index" : 5,
                              "firstRowId" : 91,
                              "rowCount" : 0,
                              "predicateHasOrigin" : false,
                              "locations" : {
                                "lineNumbers" : "A",
                                "columnNumbers" : "A"
                              }
                            },
                            {
                              "predicate" : "sourceModel",
                              "file" : "C:\\Users\\timho\\.codeql\\packages\\codeql\\python-all\\4.0.0\\semmle\\python\\frameworks\\data\\internal\\empty.model.yml",
                              "index" : 0,
                              "firstRowId" : 91,
                              "rowCount" : 0,
                              "predicateHasOrigin" : true,
                              "locations" : {
                                "lineNumbers" : "A",
                                "columnNumbers" : "A"
                              }
                            },
                            {
                              "predicate" : "sinkModel",
                              "file" : "C:\\Users\\timho\\.codeql\\packages\\codeql\\python-all\\4.0.0\\semmle\\python\\frameworks\\data\\internal\\empty.model.yml",
                              "index" : 1,
                              "firstRowId" : 91,
                              "rowCount" : 0,
                              "predicateHasOrigin" : true,
                              "locations" : {
                                "lineNumbers" : "A",
                                "columnNumbers" : "A"
                              }
                            },
                            {
                              "predicate" : "summaryModel",
                              "file" : "C:\\Users\\timho\\.codeql\\packages\\codeql\\python-all\\4.0.0\\semmle\\python\\frameworks\\data\\internal\\empty.model.yml",
                              "index" : 2,
                              "firstRowId" : 91,
                              "rowCount" : 0,
                              "predicateHasOrigin" : true,
                              "locations" : {
                                "lineNumbers" : "A",
                                "columnNumbers" : "A"
                              }
                            },
                            {
                              "predicate" : "neutralModel",
                              "file" : "C:\\Users\\timho\\.codeql\\packages\\codeql\\python-all\\4.0.0\\semmle\\python\\frameworks\\data\\internal\\empty.model.yml",
                              "index" : 3,
                              "firstRowId" : 91,
                              "rowCount" : 0,
                              "predicateHasOrigin" : false,
                              "locations" : {
                                "lineNumbers" : "A",
                                "columnNumbers" : "A"
                              }
                            },
                            {
                              "predicate" : "typeModel",
                              "file" : "C:\\Users\\timho\\.codeql\\packages\\codeql\\python-all\\4.0.0\\semmle\\python\\frameworks\\data\\internal\\empty.model.yml",
                              "index" : 4,
                              "firstRowId" : 91,
                              "rowCount" : 0,
                              "predicateHasOrigin" : false,
                              "locations" : {
                                "lineNumbers" : "A",
                                "columnNumbers" : "A"
                              }
                            },
                            {
                              "predicate" : "typeVariableModel",
                              "file" : "C:\\Users\\timho\\.codeql\\packages\\codeql\\python-all\\4.0.0\\semmle\\python\\frameworks\\data\\internal\\empty.model.yml",
                              "index" : 5,
                              "firstRowId" : 91,
                              "rowCount" : 0,
                              "predicateHasOrigin" : false,
                              "locations" : {
                                "lineNumbers" : "A",
                                "columnNumbers" : "A"
                              }
                            },
                            {
                              "predicate" : "typeModel",
                              "file" : "C:\\Users\\timho\\.codeql\\packages\\codeql\\python-all\\4.0.0\\semmle\\python\\frameworks\\data\\internal\\subclass-capture\\ALL.model.yml",
                              "index" : 0,
                              "firstRowId" : 91,
                              "rowCount" : 58275,
                              "predicateHasOrigin" : false,
                              "locations" : {
                                "lineNumbers" : "A=7+3*58274",
                                "columnNumbers" : "A=5*58275"
                              }
                            },
                            {
                              "predicate" : "threatModelConfiguration",
                              "file" : "C:\\Users\\timho\\.codeql\\packages\\codeql\\threat-models\\1.0.16\\ext\\supported-threat-models.model.yml",
                              "index" : 0,
                              "firstRowId" : 58366,
                              "rowCount" : 1,
                              "predicateHasOrigin" : false,
                              "locations" : {
                                "lineNumbers" : "A=6",
                                "columnNumbers" : "A=9"
                              }
                            },
                            {
                              "predicate" : "threatModelGrouping",
                              "file" : "C:\\Users\\timho\\.codeql\\packages\\codeql\\threat-models\\1.0.16\\ext\\threat-model-grouping.model.yml",
                              "index" : 0,
                              "firstRowId" : 58367,
                              "rowCount" : 15,
                              "predicateHasOrigin" : false,
                              "locations" : {
                                "lineNumbers" : "A=8+3+1+3+1*5+3+1+5+1*3",
                                "columnNumbers" : "A=9*15"
                              }
                            },
                            {
                              "predicate" : "restrictAlertsTo",
                              "file" : "C:\\Users\\timho\\.codeql\\packages\\codeql\\util\\2.0.3\\ext\\default-alert-filter.yml",
                              "index" : 0,
                              "firstRowId" : 58382,
                              "rowCount" : 0,
                              "predicateHasOrigin" : false,
                              "locations" : {
                                "lineNumbers" : "A",
                                "columnNumbers" : "A"
                              }
                            },
                            {
                              "predicate" : "restrictAlertsToExactLocation",
                              "file" : "C:\\Users\\timho\\.codeql\\packages\\codeql\\util\\2.0.3\\ext\\default-alert-filter.yml",
                              "index" : 1,
                              "firstRowId" : 58382,
                              "rowCount" : 0,
                              "predicateHasOrigin" : false,
                              "locations" : {
                                "lineNumbers" : "A",
                                "columnNumbers" : "A"
                              }
                            }
                          ]
                        },
                        "threatModels" : {
                          "C:\\BEng\\4th Year\\Honours Project\\GreenPythonLocal\\codeql-custom-queries-python" : {
                            "extensions" : [
                              {
                                "data" : [ ],
                                "addsTo" : {
                                  "extensible" : "threatModelConfiguration",
                                  "packName" : "codeql/threat-models"
                                }
                              }
                            ]
                          }
                        },
                        "extensionPacks" : [ ]
                      }
[2025-02-11 15:01:23] Calling plumbing command: codeql resolve library-path --qlconfig-file=C:\BEng\4th Year\Honours Project\GreenPythonLocal\qlconfig.yml --query=C:\BEng\4th Year\Honours Project\GreenPythonLocal\codeql-custom-queries-python\example.ql --format=json
[2025-02-11 15:01:24] [DETAILS] resolve library-path> Resolving query at normalized path C:\BEng\4th Year\Honours Project\GreenPythonLocal\codeql-custom-queries-python\example.ql.
[2025-02-11 15:01:24] [DETAILS] resolve library-path> Found enclosing pack 'getting-started/codeql-extra-queries-python' at C:\BEng\4th Year\Honours Project\GreenPythonLocal\codeql-custom-queries-python.
[2025-02-11 15:01:24] [DETAILS] resolve library-path> Adding compilation cache at C:\Users\timho\.codeql\compile-cache.
[2025-02-11 15:01:24] [DETAILS] resolve library-path> Resolving library dependencies from C:\BEng\4th Year\Honours Project\GreenPythonLocal\codeql-custom-queries-python\codeql-pack.yml.
[2025-02-11 15:01:24] [SPAMMY] resolve library-path> [INCOMPATIBILITY] getting-started/codeql-extra-queries-python: not 1.0.0 {root: getting-started/codeql-extra-queries-python@1.0.0}
[2025-02-11 15:01:24] [SPAMMY] resolve library-path> [DERIVATION] getting-started/codeql-extra-queries-python: 1.0.0 {getting-started/codeql-extra-queries-python: not 1.0.0 {root: getting-started/codeql-extra-queries-python@1.0.0}}
[2025-02-11 15:01:24] [SPAMMY] resolve library-path> [INCOMPATIBILITY] getting-started/codeql-extra-queries-python: * [*], codeql/python-all: not * [*] {dependency: getting-started/codeql-extra-queries-python@* [*] requires codeql/python-all@^4.0.0}
[2025-02-11 15:01:24] [SPAMMY] resolve library-path> [DECISION 1] getting-started/codeql-extra-queries-python: 1.0.0
[2025-02-11 15:01:24] [SPAMMY] resolve library-path> [DERIVATION] codeql/python-all: * [*] {getting-started/codeql-extra-queries-python: * [*], codeql/python-all: not * [*] {dependency: getting-started/codeql-extra-queries-python@* [*] requires codeql/python-all@^4.0.0}}
[2025-02-11 15:01:24] [SPAMMY] resolve library-path> [INCOMPATIBILITY] codeql/python-all: * [*], codeql/dataflow: not * [*] {dependency: codeql/python-all@* [*] requires codeql/dataflow@2.0.0}
[2025-02-11 15:01:24] [SPAMMY] resolve library-path> [INCOMPATIBILITY] codeql/python-all: * [*], codeql/mad: not * [*] {dependency: codeql/python-all@* [*] requires codeql/mad@1.0.16}
[2025-02-11 15:01:24] [SPAMMY] resolve library-path> [INCOMPATIBILITY] codeql/python-all: * [*], codeql/regex: not * [*] {dependency: codeql/python-all@* [*] requires codeql/regex@1.0.16}
[2025-02-11 15:01:24] [SPAMMY] resolve library-path> [INCOMPATIBILITY] codeql/python-all: * [*], codeql/threat-models: not * [*] {dependency: codeql/python-all@* [*] requires codeql/threat-models@1.0.16}
[2025-02-11 15:01:24] [SPAMMY] resolve library-path> [INCOMPATIBILITY] codeql/python-all: * [*], codeql/tutorial: not * [*] {dependency: codeql/python-all@* [*] requires codeql/tutorial@1.0.16}
[2025-02-11 15:01:24] [SPAMMY] resolve library-path> [INCOMPATIBILITY] codeql/python-all: * [*], codeql/util: not * [*] {dependency: codeql/python-all@* [*] requires codeql/util@2.0.3}
[2025-02-11 15:01:24] [SPAMMY] resolve library-path> [INCOMPATIBILITY] codeql/python-all: * [*], codeql/xml: not * [*] {dependency: codeql/python-all@* [*] requires codeql/xml@1.0.16}
[2025-02-11 15:01:24] [SPAMMY] resolve library-path> [INCOMPATIBILITY] codeql/python-all: * [*], codeql/yaml: not * [*] {dependency: codeql/python-all@* [*] requires codeql/yaml@1.0.16}
[2025-02-11 15:01:24] [SPAMMY] resolve library-path> [DECISION 2] codeql/python-all: 4.0.0
[2025-02-11 15:01:24] [SPAMMY] resolve library-path> [DERIVATION] codeql/yaml: * [*] {codeql/python-all: * [*], codeql/yaml: not * [*] {dependency: codeql/python-all@* [*] requires codeql/yaml@1.0.16}}
[2025-02-11 15:01:24] [SPAMMY] resolve library-path> [DERIVATION] codeql/xml: * [*] {codeql/python-all: * [*], codeql/xml: not * [*] {dependency: codeql/python-all@* [*] requires codeql/xml@1.0.16}}
[2025-02-11 15:01:24] [SPAMMY] resolve library-path> [DERIVATION] codeql/util: * [*] {codeql/python-all: * [*], codeql/util: not * [*] {dependency: codeql/python-all@* [*] requires codeql/util@2.0.3}}
[2025-02-11 15:01:24] [SPAMMY] resolve library-path> [DERIVATION] codeql/tutorial: * [*] {codeql/python-all: * [*], codeql/tutorial: not * [*] {dependency: codeql/python-all@* [*] requires codeql/tutorial@1.0.16}}
[2025-02-11 15:01:24] [SPAMMY] resolve library-path> [DERIVATION] codeql/threat-models: * [*] {codeql/python-all: * [*], codeql/threat-models: not * [*] {dependency: codeql/python-all@* [*] requires codeql/threat-models@1.0.16}}
[2025-02-11 15:01:24] [SPAMMY] resolve library-path> [DERIVATION] codeql/regex: * [*] {codeql/python-all: * [*], codeql/regex: not * [*] {dependency: codeql/python-all@* [*] requires codeql/regex@1.0.16}}
[2025-02-11 15:01:24] [SPAMMY] resolve library-path> [DERIVATION] codeql/mad: * [*] {codeql/python-all: * [*], codeql/mad: not * [*] {dependency: codeql/python-all@* [*] requires codeql/mad@1.0.16}}
[2025-02-11 15:01:24] [SPAMMY] resolve library-path> [DERIVATION] codeql/dataflow: * [*] {codeql/python-all: * [*], codeql/dataflow: not * [*] {dependency: codeql/python-all@* [*] requires codeql/dataflow@2.0.0}}
[2025-02-11 15:01:24] [SPAMMY] resolve library-path> [INCOMPATIBILITY] codeql/dataflow: * [*], codeql/ssa: not * [*] {dependency: codeql/dataflow@* [*] requires codeql/ssa@1.0.16}
[2025-02-11 15:01:24] [SPAMMY] resolve library-path> [INCOMPATIBILITY] codeql/dataflow: * [*], codeql/typetracking: not * [*] {dependency: codeql/dataflow@* [*] requires codeql/typetracking@2.0.0}
[2025-02-11 15:01:24] [SPAMMY] resolve library-path> [INCOMPATIBILITY] codeql/dataflow: * [*], codeql/util: not * [*] {dependency: codeql/dataflow@* [*] requires codeql/util@2.0.3}
[2025-02-11 15:01:24] [SPAMMY] resolve library-path> [DECISION 3] codeql/dataflow: 2.0.0
[2025-02-11 15:01:24] [SPAMMY] resolve library-path> [DERIVATION] codeql/typetracking: * [*] {codeql/dataflow: * [*], codeql/typetracking: not * [*] {dependency: codeql/dataflow@* [*] requires codeql/typetracking@2.0.0}}
[2025-02-11 15:01:24] [SPAMMY] resolve library-path> [DERIVATION] codeql/ssa: * [*] {codeql/dataflow: * [*], codeql/ssa: not * [*] {dependency: codeql/dataflow@* [*] requires codeql/ssa@1.0.16}}
[2025-02-11 15:01:24] [SPAMMY] resolve library-path> [INCOMPATIBILITY] codeql/mad: * [*], codeql/dataflow: not * [*] {dependency: codeql/mad@* [*] requires codeql/dataflow@2.0.0}
[2025-02-11 15:01:24] [SPAMMY] resolve library-path> [INCOMPATIBILITY] codeql/mad: * [*], codeql/util: not * [*] {dependency: codeql/mad@* [*] requires codeql/util@2.0.3}
[2025-02-11 15:01:24] [SPAMMY] resolve library-path> [DECISION 4] codeql/mad: 1.0.16
[2025-02-11 15:01:24] [SPAMMY] resolve library-path> [INCOMPATIBILITY] codeql/regex: * [*], codeql/util: not * [*] {dependency: codeql/regex@* [*] requires codeql/util@2.0.3}
[2025-02-11 15:01:24] [SPAMMY] resolve library-path> [DECISION 5] codeql/regex: 1.0.16
[2025-02-11 15:01:24] [SPAMMY] resolve library-path> [INCOMPATIBILITY] codeql/ssa: * [*], codeql/util: not * [*] {dependency: codeql/ssa@* [*] requires codeql/util@2.0.3}
[2025-02-11 15:01:24] [SPAMMY] resolve library-path> [DECISION 6] codeql/ssa: 1.0.16
[2025-02-11 15:01:24] [SPAMMY] resolve library-path> [DECISION 7] codeql/threat-models: 1.0.16
[2025-02-11 15:01:24] [SPAMMY] resolve library-path> [DECISION 8] codeql/tutorial: 1.0.16
[2025-02-11 15:01:24] [SPAMMY] resolve library-path> [INCOMPATIBILITY] codeql/typetracking: * [*], codeql/util: not * [*] {dependency: codeql/typetracking@* [*] requires codeql/util@2.0.3}
[2025-02-11 15:01:24] [SPAMMY] resolve library-path> [DECISION 9] codeql/typetracking: 2.0.0
[2025-02-11 15:01:24] [SPAMMY] resolve library-path> [DECISION 10] codeql/util: 2.0.3
[2025-02-11 15:01:24] [SPAMMY] resolve library-path> [INCOMPATIBILITY] codeql/xml: * [*], codeql/util: not * [*] {dependency: codeql/xml@* [*] requires codeql/util@2.0.3}
[2025-02-11 15:01:24] [SPAMMY] resolve library-path> [DECISION 11] codeql/xml: 1.0.16
[2025-02-11 15:01:24] [SPAMMY] resolve library-path> [DECISION 12] codeql/yaml: 1.0.16
[2025-02-11 15:01:24] [DETAILS] resolve library-path> QL pack dependencies for C:\BEng\4th Year\Honours Project\GreenPythonLocal\codeql-custom-queries-python resolved OK.
[2025-02-11 15:01:24] [DETAILS] resolve library-path> Found dbscheme through QL packs: C:\Users\timho\.codeql\packages\codeql\python-all\4.0.0\semmlecode.python.dbscheme.
[2025-02-11 15:01:24] Plumbing command codeql resolve library-path completed:
                      {
                        "libraryPath" : [
                          "C:\\BEng\\4th Year\\Honours Project\\GreenPythonLocal\\codeql-custom-queries-python",
                          "C:\\Users\\timho\\.codeql\\packages\\codeql\\python-all\\4.0.0",
                          "C:\\Users\\timho\\.codeql\\packages\\codeql\\dataflow\\2.0.0",
                          "C:\\Users\\timho\\.codeql\\packages\\codeql\\mad\\1.0.16",
                          "C:\\Users\\timho\\.codeql\\packages\\codeql\\regex\\1.0.16",
                          "C:\\Users\\timho\\.codeql\\packages\\codeql\\ssa\\1.0.16",
                          "C:\\Users\\timho\\.codeql\\packages\\codeql\\threat-models\\1.0.16",
                          "C:\\Users\\timho\\.codeql\\packages\\codeql\\tutorial\\1.0.16",
                          "C:\\Users\\timho\\.codeql\\packages\\codeql\\typetracking\\2.0.0",
                          "C:\\Users\\timho\\.codeql\\packages\\codeql\\util\\2.0.3",
                          "C:\\Users\\timho\\.codeql\\packages\\codeql\\xml\\1.0.16",
                          "C:\\Users\\timho\\.codeql\\packages\\codeql\\yaml\\1.0.16"
                        ],
                        "dbscheme" : "C:\\Users\\timho\\.codeql\\packages\\codeql\\python-all\\4.0.0\\semmlecode.python.dbscheme",
                        "compilationCache" : [
                          "C:\\Users\\timho\\.codeql\\compile-cache"
                        ],
                        "relativeName" : "getting-started\\codeql-extra-queries-python\\example.ql",
                        "qlPackName" : "getting-started/codeql-extra-queries-python"
                      }
[2025-02-11 15:01:24] [PROGRESS] execute queries> Compiling query plan for C:\BEng\4th Year\Honours Project\GreenPythonLocal\codeql-custom-queries-python\example.ql.
[2025-02-11 15:01:24] [DETAILS] execute queries> Resolving imports for C:\BEng\4th Year\Honours Project\GreenPythonLocal\codeql-custom-queries-python\example.ql.
[2025-02-11 15:01:25] Resolved file set for C:\BEng\4th Year\Honours Project\GreenPythonLocal\codeql-custom-queries-python\example.ql hashes to 2a7a40b682a27115e44dcea030515ffd7f4edc83.
[2025-02-11 15:01:25] [DETAILS] execute queries> Checking QL for C:\BEng\4th Year\Honours Project\GreenPythonLocal\codeql-custom-queries-python\example.ql.
[2025-02-11 15:01:25] Stale frontend caches are invalidated based on import graph reachability.
[2025-02-11 15:01:26] ExternalModuleBindingPass ...
[2025-02-11 15:01:27] ExternalModuleBindingPass time: 00:01.027
[2025-02-11 15:01:27] CollectInstantiationsPass ...
[2025-02-11 15:01:27] CollectInstantiationsPass time: 00:00.314
[2025-02-11 15:01:27] Ql checks ...
[2025-02-11 15:01:30] Ql checks time: 00:02.917
[2025-02-11 15:01:33] [ERROR] execute queries> ERROR: query module contains multiple select clauses (C:\BEng\4th Year\Honours Project\GreenPythonLocal\codeql-custom-queries-python\example.ql:1,1-1)
[2025-02-11 15:01:33] [ERROR] execute queries> ERROR: select clause select conflicts with select clause select from example.ql:15 (C:\BEng\4th Year\Honours Project\GreenPythonLocal\codeql-custom-queries-python\example.ql:11,1-13,50)
[2025-02-11 15:01:33] [ERROR] execute queries> ERROR: select clause select conflicts with select clause select from example.ql:11 (C:\BEng\4th Year\Honours Project\GreenPythonLocal\codeql-custom-queries-python\example.ql:15,1-17,46)
[2025-02-11 15:01:33] Sequence stamp origin is -6083709159682123754
[2025-02-11 15:01:33] Pausing evaluation to close the cache at sequence stamp o+0
[2025-02-11 15:01:33] The disk cache is freshly trimmed; leave it be.
[2025-02-11 15:01:33] Unpausing evaluation
[2025-02-11 15:01:33] This NaiveBuddyAllocator requested 0 eviction rounds.
[2025-02-11 15:01:33] Exiting with code 2
